f:\~zach\black box\blackboxserver\blackboxserver\x64\debug\vc120.pdb
c:\users\mocap terminal user\desktop\mrl\black box\black box\blackboxserver\blackboxserver\x64\debug\blackboxserver.pch
c:\users\mocap terminal user\desktop\mrl\black box\black box\blackboxserver\blackboxserver\x64\debug\vc120.pdb
c:\users\mocap terminal user\desktop\mrl\black box\black box\blackboxserver\blackboxserver\x64\debug\vc120.idb
c:\users\mocap terminal user\desktop\mrl\black box\black box\blackboxserver\blackboxserver\x64\debug\stdafx.obj
c:\users\mocap terminal user\desktop\mrl\black box\black box\blackboxserver\blackboxserver\x64\debug\blackboxserver.obj
c:\users\mocap terminal user\desktop\mrl\black box\black box\blackboxserver\blackboxserver\x64\debug\tinyxml2.obj
f:\~zach\black box\blackboxserver\x64\debug\blackboxserver.ilk
f:\~zach\black box\blackboxserver\x64\debug\blackboxserver.exe
f:\~zach\black box\blackboxserver\x64\debug\blackboxserver.pdb
c:\users\mocap terminal user\desktop\mrl\black box\black box\blackboxserver\x64\debug\blackboxserver.ilk
c:\users\mocap terminal user\desktop\mrl\black box\black box\blackboxserver\x64\debug\blackboxserver.exe
c:\users\mocap terminal user\desktop\mrl\black box\black box\blackboxserver\x64\debug\blackboxserver.pdb
c:\users\mocap terminal user\desktop\mrl\black box\black box\blackboxserver\blackboxserver\x64\debug\tinystr.obj
c:\users\mocap terminal user\desktop\mrl\black box\black box\blackboxserver\blackboxserver\x64\debug\tinyxml.obj
c:\users\mocap terminal user\desktop\mrl\black box\black box\blackboxserver\blackboxserver\x64\debug\tinyxmlerror.obj
c:\users\mocap terminal user\desktop\mrl\black box\black box\blackboxserver\blackboxserver\x64\debug\tinyxmlparser.obj
c:\users\mocap terminal user\desktop\mrl\black box\black box\blackboxserver\blackboxserver\x64\debug\blackboxserver.tlog\cl.command.1.tlog
c:\users\mocap terminal user\desktop\mrl\black box\black box\blackboxserver\blackboxserver\x64\debug\blackboxserver.tlog\cl.read.1.tlog
c:\users\mocap terminal user\desktop\mrl\black box\black box\blackboxserver\blackboxserver\x64\debug\blackboxserver.tlog\cl.write.1.tlog
c:\users\mocap terminal user\desktop\mrl\black box\black box\blackboxserver\blackboxserver\x64\debug\blackboxserver.tlog\link.command.1.tlog
c:\users\mocap terminal user\desktop\mrl\black box\black box\blackboxserver\blackboxserver\x64\debug\blackboxserver.tlog\link.read.1.tlog
c:\users\mocap terminal user\desktop\mrl\black box\black box\blackboxserver\blackboxserver\x64\debug\blackboxserver.tlog\link.write.1.tlog
