Build started 10/20/2015 2:40:42 PM.
     1>Project "C:\Users\Media\Desktop\vr-server2\BlackBoxServer\BlackBoxServer\BlackBoxServer.vcxproj" on node 2 (Build target(s)).
     1>ClCompile:
         C:\Program Files (x86)\Microsoft Visual Studio 12.0\VC\bin\x86_amd64\CL.exe /c /I"C:\Users\Media\Desktop\vr-server2\BlackBoxServer\Include" /Zi /nologo /W3 /WX- /sdl /Od /D WIN32 /D _DEBUG /D _CONSOLE /D _LIB /D _UNICODE /D UNICODE /Gm /EHsc /RTC1 /MDd /GS /fp:precise /Zc:wchar_t /Zc:forScope /Fo"x64\Debug\\" /Fd"x64\Debug\vc120.pdb" /Gd /TP /errorReport:prompt -D_SCL_SECURE_NO_WARNINGS
          BlackBoxServer.cpp
         BlackBoxServer.cpp
     1>C:\Users\Media\Desktop\vr-server2\BlackBoxServer\Include\google/protobuf/io/coded_stream.h(1039): warning C4244: '=' : conversion from '__int64' to 'int', possible loss of data
     1>C:\Users\Media\Desktop\vr-server2\BlackBoxServer\Include\google/protobuf/io/coded_stream.h(1138): warning C4244: 'initializing' : conversion from '__int64' to 'int', possible loss of data
     1>C:\Users\Media\Desktop\vr-server2\BlackBoxServer\Include\google/protobuf/io/coded_stream.h(1235): warning C4244: 'return' : conversion from '__int64' to 'int', possible loss of data
     1>C:\Users\Media\Desktop\vr-server2\BlackBoxServer\Include\google/protobuf/wire_format_lite_inl.h(837): warning C4267: 'argument' : conversion from 'size_t' to 'google::protobuf::uint32', possible loss of data
     1>C:\Users\Media\Desktop\vr-server2\BlackBoxServer\Include\google/protobuf/wire_format_lite_inl.h(838): warning C4267: 'return' : conversion from 'size_t' to 'int', possible loss of data
     1>C:\Users\Media\Desktop\vr-server2\BlackBoxServer\Include\google/protobuf/wire_format_lite_inl.h(841): warning C4267: 'argument' : conversion from 'size_t' to 'google::protobuf::uint32', possible loss of data
     1>C:\Users\Media\Desktop\vr-server2\BlackBoxServer\Include\google/protobuf/wire_format_lite_inl.h(842): warning C4267: 'return' : conversion from 'size_t' to 'int', possible loss of data
     1>BlackBoxServer.cpp(305): warning C4267: 'initializing' : conversion from 'size_t' to 'int', possible loss of data
     1>BlackBoxServer.cpp(409): warning C4800: 'int' : forcing value to bool 'true' or 'false' (performance warning)
     1>BlackBoxServer.cpp(410): warning C4244: 'argument' : conversion from 'double' to 'int', possible loss of data
     1>BlackBoxServer.cpp(417): warning C4018: '<' : signed/unsigned mismatch
       Link:
         C:\Program Files (x86)\Microsoft Visual Studio 12.0\VC\bin\x86_amd64\link.exe /ERRORREPORT:PROMPT /OUT:"C:\Users\Media\Desktop\vr-server2\BlackBoxServer\x64\Debug\BlackBoxServer.exe" /INCREMENTAL /NOLOGO /LIBPATH:"C:\Users\Media\Desktop\vr-server2\BlackBoxServer\Libraries" libprotobuf.lib ws2_32.lib NatNetLibStatic64.lib kernel32.lib user32.lib gdi32.lib winspool.lib comdlg32.lib advapi32.lib shell32.lib ole32.lib oleaut32.lib uuid.lib odbc32.lib odbccp32.lib kernel32.lib user32.lib gdi32.lib winspool.lib comdlg32.lib advapi32.lib shell32.lib ole32.lib oleaut32.lib uuid.lib odbc32.lib odbccp32.lib /MANIFEST /MANIFESTUAC:"level='asInvoker' uiAccess='false'" /manifest:embed /DEBUG /PDB:"C:\Users\Media\Desktop\vr-server2\BlackBoxServer\x64\Debug\BlackBoxServer.pdb" /SUBSYSTEM:CONSOLE /TLBID:1 /DYNAMICBASE /NXCOMPAT /IMPLIB:"C:\Users\Media\Desktop\vr-server2\BlackBoxServer\x64\Debug\BlackBoxServer.lib" /MACHINE:X64 x64\Debug\linux_evdev.obj
         x64\Debug\macosx_hidmanager.obj
         x64\Debug\macosx_hidutilities.obj
         x64\Debug\windows_wminput.obj
         x64\Debug\x11_xinput2.obj
         x64\Debug\BlackBoxServer.obj
         x64\Debug\manymouse.obj
         x64\Debug\stdafx.obj
         x64\Debug\update_protocol.pb.obj
         x64\Debug\wiimote.obj
     1>LINK : warning LNK4098: defaultlib 'MSVCRT' conflicts with use of other libs; use /NODEFAULTLIB:library
     1>libprotobuf.lib(any.obj) : warning LNK4099: PDB 'vc120.pdb' was not found with 'libprotobuf.lib(any.obj)' or at 'C:\Users\Media\Desktop\vr-server2\BlackBoxServer\x64\Debug\vc120.pdb'; linking object as if no debug info
     1>libprotobuf.lib(arena.obj) : warning LNK4099: PDB 'vc120.pdb' was not found with 'libprotobuf.lib(arena.obj)' or at 'C:\Users\Media\Desktop\vr-server2\BlackBoxServer\x64\Debug\vc120.pdb'; linking object as if no debug info
     1>libprotobuf.lib(arenastring.obj) : warning LNK4099: PDB 'vc120.pdb' was not found with 'libprotobuf.lib(arenastring.obj)' or at 'C:\Users\Media\Desktop\vr-server2\BlackBoxServer\x64\Debug\vc120.pdb'; linking object as if no debug info
     1>libprotobuf.lib(descriptor.obj) : warning LNK4099: PDB 'vc120.pdb' was not found with 'libprotobuf.lib(descriptor.obj)' or at 'C:\Users\Media\Desktop\vr-server2\BlackBoxServer\x64\Debug\vc120.pdb'; linking object as if no debug info
     1>libprotobuf.lib(descriptor.pb.obj) : warning LNK4099: PDB 'vc120.pdb' was not found with 'libprotobuf.lib(descriptor.pb.obj)' or at 'C:\Users\Media\Desktop\vr-server2\BlackBoxServer\x64\Debug\vc120.pdb'; linking object as if no debug info
     1>libprotobuf.lib(descriptor_database.obj) : warning LNK4099: PDB 'vc120.pdb' was not found with 'libprotobuf.lib(descriptor_database.obj)' or at 'C:\Users\Media\Desktop\vr-server2\BlackBoxServer\x64\Debug\vc120.pdb'; linking object as if no debug info
     1>libprotobuf.lib(dynamic_message.obj) : warning LNK4099: PDB 'vc120.pdb' was not found with 'libprotobuf.lib(dynamic_message.obj)' or at 'C:\Users\Media\Desktop\vr-server2\BlackBoxServer\x64\Debug\vc120.pdb'; linking object as if no debug info
     1>libprotobuf.lib(extension_set.obj) : warning LNK4099: PDB 'vc120.pdb' was not found with 'libprotobuf.lib(extension_set.obj)' or at 'C:\Users\Media\Desktop\vr-server2\BlackBoxServer\x64\Debug\vc120.pdb'; linking object as if no debug info
     1>libprotobuf.lib(extension_set_heavy.obj) : warning LNK4099: PDB 'vc120.pdb' was not found with 'libprotobuf.lib(extension_set_heavy.obj)' or at 'C:\Users\Media\Desktop\vr-server2\BlackBoxServer\x64\Debug\vc120.pdb'; linking object as if no debug info
     1>libprotobuf.lib(generated_message_reflection.obj) : warning LNK4099: PDB 'vc120.pdb' was not found with 'libprotobuf.lib(generated_message_reflection.obj)' or at 'C:\Users\Media\Desktop\vr-server2\BlackBoxServer\x64\Debug\vc120.pdb'; linking object as if no debug info
     1>libprotobuf.lib(generated_message_util.obj) : warning LNK4099: PDB 'vc120.pdb' was not found with 'libprotobuf.lib(generated_message_util.obj)' or at 'C:\Users\Media\Desktop\vr-server2\BlackBoxServer\x64\Debug\vc120.pdb'; linking object as if no debug info
     1>libprotobuf.lib(coded_stream.obj) : warning LNK4099: PDB 'vc120.pdb' was not found with 'libprotobuf.lib(coded_stream.obj)' or at 'C:\Users\Media\Desktop\vr-server2\BlackBoxServer\x64\Debug\vc120.pdb'; linking object as if no debug info
     1>libprotobuf.lib(strtod.obj) : warning LNK4099: PDB 'vc120.pdb' was not found with 'libprotobuf.lib(strtod.obj)' or at 'C:\Users\Media\Desktop\vr-server2\BlackBoxServer\x64\Debug\vc120.pdb'; linking object as if no debug info
     1>libprotobuf.lib(tokenizer.obj) : warning LNK4099: PDB 'vc120.pdb' was not found with 'libprotobuf.lib(tokenizer.obj)' or at 'C:\Users\Media\Desktop\vr-server2\BlackBoxServer\x64\Debug\vc120.pdb'; linking object as if no debug info
     1>libprotobuf.lib(zero_copy_stream.obj) : warning LNK4099: PDB 'vc120.pdb' was not found with 'libprotobuf.lib(zero_copy_stream.obj)' or at 'C:\Users\Media\Desktop\vr-server2\BlackBoxServer\x64\Debug\vc120.pdb'; linking object as if no debug info
     1>libprotobuf.lib(zero_copy_stream_impl.obj) : warning LNK4099: PDB 'vc120.pdb' was not found with 'libprotobuf.lib(zero_copy_stream_impl.obj)' or at 'C:\Users\Media\Desktop\vr-server2\BlackBoxServer\x64\Debug\vc120.pdb'; linking object as if no debug info
     1>libprotobuf.lib(zero_copy_stream_impl_lite.obj) : warning LNK4099: PDB 'vc120.pdb' was not found with 'libprotobuf.lib(zero_copy_stream_impl_lite.obj)' or at 'C:\Users\Media\Desktop\vr-server2\BlackBoxServer\x64\Debug\vc120.pdb'; linking object as if no debug info
     1>libprotobuf.lib(map_field.obj) : warning LNK4099: PDB 'vc120.pdb' was not found with 'libprotobuf.lib(map_field.obj)' or at 'C:\Users\Media\Desktop\vr-server2\BlackBoxServer\x64\Debug\vc120.pdb'; linking object as if no debug info
     1>libprotobuf.lib(message.obj) : warning LNK4099: PDB 'vc120.pdb' was not found with 'libprotobuf.lib(message.obj)' or at 'C:\Users\Media\Desktop\vr-server2\BlackBoxServer\x64\Debug\vc120.pdb'; linking object as if no debug info
     1>libprotobuf.lib(message_lite.obj) : warning LNK4099: PDB 'vc120.pdb' was not found with 'libprotobuf.lib(message_lite.obj)' or at 'C:\Users\Media\Desktop\vr-server2\BlackBoxServer\x64\Debug\vc120.pdb'; linking object as if no debug info
     1>libprotobuf.lib(reflection_ops.obj) : warning LNK4099: PDB 'vc120.pdb' was not found with 'libprotobuf.lib(reflection_ops.obj)' or at 'C:\Users\Media\Desktop\vr-server2\BlackBoxServer\x64\Debug\vc120.pdb'; linking object as if no debug info
     1>libprotobuf.lib(repeated_field.obj) : warning LNK4099: PDB 'vc120.pdb' was not found with 'libprotobuf.lib(repeated_field.obj)' or at 'C:\Users\Media\Desktop\vr-server2\BlackBoxServer\x64\Debug\vc120.pdb'; linking object as if no debug info
     1>libprotobuf.lib(atomicops_internals_x86_msvc.obj) : warning LNK4099: PDB 'vc120.pdb' was not found with 'libprotobuf.lib(atomicops_internals_x86_msvc.obj)' or at 'C:\Users\Media\Desktop\vr-server2\BlackBoxServer\x64\Debug\vc120.pdb'; linking object as if no debug info
     1>libprotobuf.lib(common.obj) : warning LNK4099: PDB 'vc120.pdb' was not found with 'libprotobuf.lib(common.obj)' or at 'C:\Users\Media\Desktop\vr-server2\BlackBoxServer\x64\Debug\vc120.pdb'; linking object as if no debug info
     1>libprotobuf.lib(once.obj) : warning LNK4099: PDB 'vc120.pdb' was not found with 'libprotobuf.lib(once.obj)' or at 'C:\Users\Media\Desktop\vr-server2\BlackBoxServer\x64\Debug\vc120.pdb'; linking object as if no debug info
     1>libprotobuf.lib(stringprintf.obj) : warning LNK4099: PDB 'vc120.pdb' was not found with 'libprotobuf.lib(stringprintf.obj)' or at 'C:\Users\Media\Desktop\vr-server2\BlackBoxServer\x64\Debug\vc120.pdb'; linking object as if no debug info
     1>libprotobuf.lib(structurally_valid.obj) : warning LNK4099: PDB 'vc120.pdb' was not found with 'libprotobuf.lib(structurally_valid.obj)' or at 'C:\Users\Media\Desktop\vr-server2\BlackBoxServer\x64\Debug\vc120.pdb'; linking object as if no debug info
     1>libprotobuf.lib(strutil.obj) : warning LNK4099: PDB 'vc120.pdb' was not found with 'libprotobuf.lib(strutil.obj)' or at 'C:\Users\Media\Desktop\vr-server2\BlackBoxServer\x64\Debug\vc120.pdb'; linking object as if no debug info
     1>libprotobuf.lib(substitute.obj) : warning LNK4099: PDB 'vc120.pdb' was not found with 'libprotobuf.lib(substitute.obj)' or at 'C:\Users\Media\Desktop\vr-server2\BlackBoxServer\x64\Debug\vc120.pdb'; linking object as if no debug info
     1>libprotobuf.lib(text_format.obj) : warning LNK4099: PDB 'vc120.pdb' was not found with 'libprotobuf.lib(text_format.obj)' or at 'C:\Users\Media\Desktop\vr-server2\BlackBoxServer\x64\Debug\vc120.pdb'; linking object as if no debug info
     1>libprotobuf.lib(unknown_field_set.obj) : warning LNK4099: PDB 'vc120.pdb' was not found with 'libprotobuf.lib(unknown_field_set.obj)' or at 'C:\Users\Media\Desktop\vr-server2\BlackBoxServer\x64\Debug\vc120.pdb'; linking object as if no debug info
     1>libprotobuf.lib(wire_format.obj) : warning LNK4099: PDB 'vc120.pdb' was not found with 'libprotobuf.lib(wire_format.obj)' or at 'C:\Users\Media\Desktop\vr-server2\BlackBoxServer\x64\Debug\vc120.pdb'; linking object as if no debug info
     1>libprotobuf.lib(wire_format_lite.obj) : warning LNK4099: PDB 'vc120.pdb' was not found with 'libprotobuf.lib(wire_format_lite.obj)' or at 'C:\Users\Media\Desktop\vr-server2\BlackBoxServer\x64\Debug\vc120.pdb'; linking object as if no debug info
     1>NatNetLibStatic64.lib(ClientCore.obj) : warning LNK4099: PDB 'vc100.pdb' was not found with 'NatNetLibStatic64.lib(ClientCore.obj)' or at 'C:\Users\Media\Desktop\vr-server2\BlackBoxServer\x64\Debug\vc100.pdb'; linking object as if no debug info
     1>NatNetLibStatic64.lib(NatNetClient.obj) : warning LNK4099: PDB 'vc100.pdb' was not found with 'NatNetLibStatic64.lib(NatNetClient.obj)' or at 'C:\Users\Media\Desktop\vr-server2\BlackBoxServer\x64\Debug\vc100.pdb'; linking object as if no debug info
     1>NatNetLibStatic64.lib(NatNetHelper.obj) : warning LNK4099: PDB 'vc100.pdb' was not found with 'NatNetLibStatic64.lib(NatNetHelper.obj)' or at 'C:\Users\Media\Desktop\vr-server2\BlackBoxServer\x64\Debug\vc100.pdb'; linking object as if no debug info
     1>NatNetLibStatic64.lib(quattoeuler.obj) : warning LNK4099: PDB 'vc100.pdb' was not found with 'NatNetLibStatic64.lib(quattoeuler.obj)' or at 'C:\Users\Media\Desktop\vr-server2\BlackBoxServer\x64\Debug\vc100.pdb'; linking object as if no debug info
     1>NatNetLibStatic64.lib(UnicastClientCore.obj) : warning LNK4099: PDB 'vc100.pdb' was not found with 'NatNetLibStatic64.lib(UnicastClientCore.obj)' or at 'C:\Users\Media\Desktop\vr-server2\BlackBoxServer\x64\Debug\vc100.pdb'; linking object as if no debug info
         BlackBoxServer.vcxproj -> C:\Users\Media\Desktop\vr-server2\BlackBoxServer\x64\Debug\BlackBoxServer.exe
     1>Done Building Project "C:\Users\Media\Desktop\vr-server2\BlackBoxServer\BlackBoxServer\BlackBoxServer.vcxproj" (Build target(s)).

Build succeeded.

Time Elapsed 00:00:01.88
