c:\users\media\desktop\vr-server2\blackboxserver\blackboxserver\x64\debug\blackboxserver.pch
c:\users\media\desktop\vr-server2\blackboxserver\blackboxserver\x64\debug\vc120.pdb
c:\users\media\desktop\vr-server2\blackboxserver\blackboxserver\x64\debug\vc120.idb
c:\users\media\desktop\vr-server2\blackboxserver\blackboxserver\x64\debug\stdafx.obj
c:\users\media\desktop\vr-server2\blackboxserver\blackboxserver\x64\debug\linux_evdev.obj
c:\users\media\desktop\vr-server2\blackboxserver\blackboxserver\x64\debug\macosx_hidmanager.obj
c:\users\media\desktop\vr-server2\blackboxserver\blackboxserver\x64\debug\macosx_hidutilities.obj
c:\users\media\desktop\vr-server2\blackboxserver\blackboxserver\x64\debug\windows_wminput.obj
c:\users\media\desktop\vr-server2\blackboxserver\blackboxserver\x64\debug\x11_xinput2.obj
c:\users\media\desktop\vr-server2\blackboxserver\blackboxserver\x64\debug\manymouse.obj
c:\users\media\desktop\vr-server2\blackboxserver\blackboxserver\x64\debug\update_protocol.pb.obj
c:\users\media\desktop\vr-server2\blackboxserver\blackboxserver\x64\debug\blackboxserver.obj
c:\users\media\desktop\vr-server2\blackboxserver\x64\debug\blackboxserver.ilk
c:\users\media\desktop\vr-server2\blackboxserver\x64\debug\blackboxserver.exe
c:\users\media\desktop\vr-server2\blackboxserver\x64\debug\blackboxserver.pdb
c:\users\media\desktop\vr-server2\blackboxserver\blackboxserver\x64\debug\blackboxserver.tlog\cl.command.1.tlog
c:\users\media\desktop\vr-server2\blackboxserver\blackboxserver\x64\debug\blackboxserver.tlog\cl.read.1.tlog
c:\users\media\desktop\vr-server2\blackboxserver\blackboxserver\x64\debug\blackboxserver.tlog\cl.write.1.tlog
c:\users\media\desktop\vr-server2\blackboxserver\blackboxserver\x64\debug\blackboxserver.tlog\link.command.1.tlog
c:\users\media\desktop\vr-server2\blackboxserver\blackboxserver\x64\debug\blackboxserver.tlog\link.read.1.tlog
c:\users\media\desktop\vr-server2\blackboxserver\blackboxserver\x64\debug\blackboxserver.tlog\link.write.1.tlog
